29-Mar-2020 16:41:43.588 INFOS [main] org.apache.catalina.startup.VersionLoggerListener.log Server version:        Apache Tomcat/8.5.30
29-Mar-2020 16:41:43.850 INFOS [main] org.apache.catalina.startup.VersionLoggerListener.log Server built:          Apr 3 2018 20:04:09 UTC
29-Mar-2020 16:41:43.852 INFOS [main] org.apache.catalina.startup.VersionLoggerListener.log Server number:         8.5.30.0
29-Mar-2020 16:41:43.853 INFOS [main] org.apache.catalina.startup.VersionLoggerListener.log OS Name:               Windows 10
29-Mar-2020 16:41:43.855 INFOS [main] org.apache.catalina.startup.VersionLoggerListener.log OS Version:            10.0
29-Mar-2020 16:41:43.855 INFOS [main] org.apache.catalina.startup.VersionLoggerListener.log Architecture:          amd64
29-Mar-2020 16:41:43.889 INFOS [main] org.apache.catalina.startup.VersionLoggerListener.log Java Home:             c:\Parapheur\Java\jre1.8.0_191
29-Mar-2020 16:41:43.890 INFOS [main] org.apache.catalina.startup.VersionLoggerListener.log JVM Version:           1.8.0_191-b12
29-Mar-2020 16:41:43.893 INFOS [main] org.apache.catalina.startup.VersionLoggerListener.log JVM Vendor:            Oracle Corporation
29-Mar-2020 16:41:43.894 INFOS [main] org.apache.catalina.startup.VersionLoggerListener.log CATALINA_BASE:         C:\Parapheur\tomcat
29-Mar-2020 16:41:43.895 INFOS [main] org.apache.catalina.startup.VersionLoggerListener.log CATALINA_HOME:         C:\Parapheur\tomcat
29-Mar-2020 16:41:43.897 INFOS [main] org.apache.catalina.startup.VersionLoggerListener.log Command line argument: -Djava.util.logging.config.file=C:\Parapheur\tomcat\conf\logging.properties
29-Mar-2020 16:41:43.900 INFOS [main] org.apache.catalina.startup.VersionLoggerListener.log Command line argument: -Djava.util.logging.manager=org.apache.juli.ClassLoaderLogManager
29-Mar-2020 16:41:43.905 INFOS [main] org.apache.catalina.startup.VersionLoggerListener.log Command line argument: -Djavax.xml.bind.JAXBContextFactory=com.sun.xml.bind.v2.ContextFactory
29-Mar-2020 16:41:43.906 INFOS [main] org.apache.catalina.startup.VersionLoggerListener.log Command line argument: -Djdk.tls.ephemeralDHKeySize=2048
29-Mar-2020 16:41:43.909 INFOS [main] org.apache.catalina.startup.VersionLoggerListener.log Command line argument: -Djava.protocol.handler.pkgs=org.apache.catalina.webresources
29-Mar-2020 16:41:43.912 INFOS [main] org.apache.catalina.startup.VersionLoggerListener.log Command line argument: -Dignore.endorsed.dirs=
29-Mar-2020 16:41:43.915 INFOS [main] org.apache.catalina.startup.VersionLoggerListener.log Command line argument: -Dcatalina.base=C:\Parapheur\tomcat
29-Mar-2020 16:41:43.924 INFOS [main] org.apache.catalina.startup.VersionLoggerListener.log Command line argument: -Dcatalina.home=C:\Parapheur\tomcat
29-Mar-2020 16:41:43.929 INFOS [main] org.apache.catalina.startup.VersionLoggerListener.log Command line argument: -Djava.io.tmpdir=C:\Parapheur\tomcat\temp
29-Mar-2020 16:41:43.937 INFOS [main] org.apache.catalina.core.AprLifecycleListener.lifecycleEvent The APR based Apache Tomcat Native library which allows optimal performance in production environments was not found on the java.library.path: [c:\Parapheur\Java\jre1.8.0_191\bin;C:\WINDOWS\Sun\Java\bin;C:\WINDOWS\system32;C:\WINDOWS;C:\app\hp\product\18.0.0\dbhomeXE\bin;C:\Program Files (x86)\Microsoft SDKs\Azure\CLI2\wbin;C:\ProgramData\DockerDesktop\version-bin;C:\Program Files\Docker\Docker\Resources\bin;C:\ProgramData\Oracle\Java\javapath;C:\Program Files (x86)\Intel\iCLS Client\;C:\Program Files\Intel\iCLS Client\;C:\Windows\system32;C:\Windows;C:\Windows\System32\Wbem;C:\Windows\System32\WindowsPowerShell\v1.0\;C:\Program Files (x86)\Intel\Intel(R) Management Engine Components\DAL;C:\Program Files\Intel\Intel(R) Management Engine Components\DAL;C:\Program Files (x86)\Intel\Intel(R) Management Engine Components\IPT;C:\Program Files\Intel\Intel(R) Management Engine Components\IPT;C:\Program Files (x86)\NVIDIA Corporation\PhysX\Common;C:\Program Files\Intel\IntelSGXPSW\bin\x64\Release\;C:\Program Files\Intel\IntelSGXPSW\bin\win32\Release\;C:\Users\hp\Desktop\matlab\runtime\win64;C:\Users\hp\Desktop\matlab\bin;C:\WINDOWS\system32;C:\WINDOWS;C:\WINDOWS\System32\Wbem;C:\WINDOWS\System32\WindowsPowerShell\v1.0\;C:\WINDOWS\System32\OpenSSH\;C:\matlab2018\runtime\win64;C:\matlab2018\bin;C:\Program Files\Geth;C:\Program Files\PuTTY\;C:\Program Files (x86)\PuTTY\;C:\Program Files\Git\cmd;C:\Go\bin;C:\ProgramData\chocolatey\bin;C:\Program Files\nodejs\;C:\Program Files\dotnet\;C:\Program Files\Microsoft SQL Server\130\Tools\Binn\;C:\Program Files\Microsoft SQL Server\Client SDK\ODBC\170\Tools\Binn\;C:\Program Files\IBM\Cloud\bin;C:\Program Files (x86)\Yarn\bin\;C:\Users\hp\Downloads\apache-maven-3.6.2-bin\apache-maven-3.6.2\bin;C:\Program Files (x86)\sbt\bin;C:\Program Files (x86)\Jenkins;C:\Program Files (x86)\Jenkins;C:\Users\hp\AppData\Local\Programs\Python\Python38-32\Scripts\;C:\Users\hp\AppData\Local\Programs\Python\Python38-32\;C:\Users\hp\AppData\Local\Microsoft\WindowsApps;C:\Program Files\Java\jdk-10\bin;C:\Users\hp\AppData\Local\Programs\Microsoft VS Code\bin;C:\Users\hp\go\bin;C:\Program Files\MongoDB\Server\4.0\bin;C:\kube;C:\Users\hp\Downloads\windows-amd64;C:\Users\hp\AppData\Local\Google\Cloud SDK\google-cloud-sdk\bin;C:\Program Files\Docker\Docker;C:\Program Files\Git;C:\Python27\Scripts;C:\Python27;C:\Users\hp\.azure-kubectl;C:\Users\hp\AppData\Roaming\npm;C:\Program Files\Git\usr\bin;C:\Users\hp;C:\Users\hp\.dotnet\tools;C:\Program Files\IBM\Cloud\bin;C:\Users\hp\AppData\Local\Yarn\bin;C:\Users\hp\node_modules\create-react-app;C:\Users\hp\Downloads\apache-maven-3.6.2-bin\apache-maven-3.6.2;C:\Users\hp\Downloads\BI\spark-3.0.0-preview-bin-hadoop2.7\spark-3.0.0-preview-bin-hadoop2.7\bin;C:\Program Files (x86)\Jenkins;C:\Program Files (x86)\scala\bin;C:\Users\hp\Downloads\BI\Zeppelin_0.7-R2\bin;C:\Program Files (x86)\Jenkins;;.]
29-Mar-2020 16:41:48.007 INFOS [main] org.apache.coyote.AbstractProtocol.init Initializing ProtocolHandler ["http-nio-8082"]
29-Mar-2020 16:41:49.721 INFOS [main] org.apache.tomcat.util.net.NioSelectorPool.getSharedSelector Using a shared selector for servlet write/read
29-Mar-2020 16:41:49.870 INFOS [main] org.apache.coyote.AbstractProtocol.init Initializing ProtocolHandler ["ajp-nio-8008"]
29-Mar-2020 16:41:49.884 INFOS [main] org.apache.tomcat.util.net.NioSelectorPool.getSharedSelector Using a shared selector for servlet write/read
29-Mar-2020 16:41:49.888 INFOS [main] org.apache.catalina.startup.Catalina.load Initialization processed in 13220 ms
29-Mar-2020 16:41:50.179 INFOS [main] org.apache.catalina.core.StandardService.startInternal Démarrage du service [Catalina]
29-Mar-2020 16:41:50.180 INFOS [main] org.apache.catalina.core.StandardEngine.startInternal Starting Servlet Engine: Apache Tomcat/8.5.30
29-Mar-2020 16:41:50.237 INFOS [localhost-startStop-1] org.apache.catalina.startup.HostConfig.deployDirectory Déploiement du répertoire [C:\Parapheur\tomcat\webapps\docs] de l'application web
29-Mar-2020 16:41:53.679 INFOS [localhost-startStop-1] org.apache.catalina.startup.HostConfig.deployDirectory Deployment of web application directory [C:\Parapheur\tomcat\webapps\docs] has finished in [3 404] ms
29-Mar-2020 16:41:53.681 INFOS [localhost-startStop-1] org.apache.catalina.startup.HostConfig.deployDirectory Déploiement du répertoire [C:\Parapheur\tomcat\webapps\examples] de l'application web
29-Mar-2020 16:41:59.797 INFOS [localhost-startStop-1] org.apache.catalina.startup.HostConfig.deployDirectory Deployment of web application directory [C:\Parapheur\tomcat\webapps\examples] has finished in [6 116] ms
29-Mar-2020 16:41:59.799 INFOS [localhost-startStop-1] org.apache.catalina.startup.HostConfig.deployDirectory Déploiement du répertoire [C:\Parapheur\tomcat\webapps\host-manager] de l'application web
29-Mar-2020 16:42:00.207 INFOS [localhost-startStop-1] org.apache.catalina.startup.HostConfig.deployDirectory Deployment of web application directory [C:\Parapheur\tomcat\webapps\host-manager] has finished in [408] ms
29-Mar-2020 16:42:00.210 INFOS [localhost-startStop-1] org.apache.catalina.startup.HostConfig.deployDirectory Déploiement du répertoire [C:\Parapheur\tomcat\webapps\manager] de l'application web
29-Mar-2020 16:42:00.479 INFOS [localhost-startStop-1] org.apache.catalina.startup.HostConfig.deployDirectory Deployment of web application directory [C:\Parapheur\tomcat\webapps\manager] has finished in [269] ms
29-Mar-2020 16:42:00.479 INFOS [localhost-startStop-1] org.apache.catalina.startup.HostConfig.deployDirectory Déploiement du répertoire [C:\Parapheur\tomcat\webapps\ROOT] de l'application web
29-Mar-2020 16:42:00.731 INFOS [localhost-startStop-1] org.apache.catalina.startup.HostConfig.deployDirectory Deployment of web application directory [C:\Parapheur\tomcat\webapps\ROOT] has finished in [251] ms
29-Mar-2020 16:42:00.761 INFOS [main] org.apache.coyote.AbstractProtocol.start Starting ProtocolHandler ["http-nio-8082"]
29-Mar-2020 16:42:00.833 INFOS [main] org.apache.coyote.AbstractProtocol.start Starting ProtocolHandler ["ajp-nio-8008"]
29-Mar-2020 16:42:00.860 INFOS [main] org.apache.catalina.startup.Catalina.start Server startup in 10970 ms
29-Mar-2020 18:11:57.243 INFOS [http-nio-8082-exec-5] org.apache.catalina.startup.HostConfig.deployWAR Déploiement de l'archive [C:\Parapheur\tomcat\webapps\rps.war] de l'application web
29-Mar-2020 18:11:58.493 INFOS [http-nio-8082-exec-5] org.apache.catalina.startup.HostConfig.deployWAR Deployment of web application archive [C:\Parapheur\tomcat\webapps\rps.war] has finished in [1 249] ms
29-Mar-2020 18:18:47.978 INFOS [Thread-5] org.apache.coyote.AbstractProtocol.pause Pausing ProtocolHandler ["http-nio-8082"]
29-Mar-2020 18:18:48.617 INFOS [Thread-5] org.apache.coyote.AbstractProtocol.pause Pausing ProtocolHandler ["ajp-nio-8008"]
29-Mar-2020 18:18:49.092 INFOS [Thread-5] org.apache.catalina.core.StandardService.stopInternal Arrêt du service [Catalina]
29-Mar-2020 18:18:49.699 INFOS [Thread-5] org.apache.coyote.AbstractProtocol.stop Stopping ProtocolHandler ["http-nio-8082"]
29-Mar-2020 18:18:49.736 INFOS [Thread-5] org.apache.coyote.AbstractProtocol.stop Stopping ProtocolHandler ["ajp-nio-8008"]
29-Mar-2020 18:18:49.757 INFOS [Thread-5] org.apache.coyote.AbstractProtocol.destroy Destroying ProtocolHandler ["http-nio-8082"]
29-Mar-2020 18:18:49.770 INFOS [Thread-5] org.apache.coyote.AbstractProtocol.destroy Destroying ProtocolHandler ["ajp-nio-8008"]
