10-Feb-2020 16:57:51.969 INFOS [main] org.apache.catalina.startup.VersionLoggerListener.log Server version:        Apache Tomcat/8.5.30
10-Feb-2020 16:57:52.270 INFOS [main] org.apache.catalina.startup.VersionLoggerListener.log Server built:          Apr 3 2018 20:04:09 UTC
10-Feb-2020 16:57:52.270 INFOS [main] org.apache.catalina.startup.VersionLoggerListener.log Server number:         8.5.30.0
10-Feb-2020 16:57:52.270 INFOS [main] org.apache.catalina.startup.VersionLoggerListener.log OS Name:               Windows 10
10-Feb-2020 16:57:52.270 INFOS [main] org.apache.catalina.startup.VersionLoggerListener.log OS Version:            10.0
10-Feb-2020 16:57:52.271 INFOS [main] org.apache.catalina.startup.VersionLoggerListener.log Architecture:          amd64
10-Feb-2020 16:57:52.271 INFOS [main] org.apache.catalina.startup.VersionLoggerListener.log Java Home:             c:\Parapheur\Java\jre1.8.0_191
10-Feb-2020 16:57:52.271 INFOS [main] org.apache.catalina.startup.VersionLoggerListener.log JVM Version:           1.8.0_191-b12
10-Feb-2020 16:57:52.271 INFOS [main] org.apache.catalina.startup.VersionLoggerListener.log JVM Vendor:            Oracle Corporation
10-Feb-2020 16:57:52.271 INFOS [main] org.apache.catalina.startup.VersionLoggerListener.log CATALINA_BASE:         C:\Parapheur\tomcat
10-Feb-2020 16:57:52.272 INFOS [main] org.apache.catalina.startup.VersionLoggerListener.log CATALINA_HOME:         C:\Parapheur\tomcat
10-Feb-2020 16:57:52.277 INFOS [main] org.apache.catalina.startup.VersionLoggerListener.log Command line argument: -Djava.util.logging.config.file=C:\Parapheur\tomcat\conf\logging.properties
10-Feb-2020 16:57:52.277 INFOS [main] org.apache.catalina.startup.VersionLoggerListener.log Command line argument: -Djava.util.logging.manager=org.apache.juli.ClassLoaderLogManager
10-Feb-2020 16:57:52.278 INFOS [main] org.apache.catalina.startup.VersionLoggerListener.log Command line argument: -Djdk.tls.ephemeralDHKeySize=2048
10-Feb-2020 16:57:52.278 INFOS [main] org.apache.catalina.startup.VersionLoggerListener.log Command line argument: -Djava.protocol.handler.pkgs=org.apache.catalina.webresources
10-Feb-2020 16:57:52.278 INFOS [main] org.apache.catalina.startup.VersionLoggerListener.log Command line argument: -Dignore.endorsed.dirs=
10-Feb-2020 16:57:52.278 INFOS [main] org.apache.catalina.startup.VersionLoggerListener.log Command line argument: -Dcatalina.base=C:\Parapheur\tomcat
10-Feb-2020 16:57:52.283 INFOS [main] org.apache.catalina.startup.VersionLoggerListener.log Command line argument: -Dcatalina.home=C:\Parapheur\tomcat
10-Feb-2020 16:57:52.286 INFOS [main] org.apache.catalina.startup.VersionLoggerListener.log Command line argument: -Djava.io.tmpdir=C:\Parapheur\tomcat\temp
10-Feb-2020 16:57:52.286 INFOS [main] org.apache.catalina.core.AprLifecycleListener.lifecycleEvent The APR based Apache Tomcat Native library which allows optimal performance in production environments was not found on the java.library.path: [c:\Parapheur\Java\jre1.8.0_191\bin;C:\WINDOWS\Sun\Java\bin;C:\WINDOWS\system32;C:\WINDOWS;C:\app\hp\product\18.0.0\dbhomeXE\bin;C:\Program Files (x86)\Microsoft SDKs\Azure\CLI2\wbin;C:\ProgramData\DockerDesktop\version-bin;C:\Program Files\Docker\Docker\Resources\bin;C:\ProgramData\Oracle\Java\javapath;C:\Program Files (x86)\Intel\iCLS Client\;C:\Program Files\Intel\iCLS Client\;C:\Windows\system32;C:\Windows;C:\Windows\System32\Wbem;C:\Windows\System32\WindowsPowerShell\v1.0\;C:\Program Files (x86)\Intel\Intel(R) Management Engine Components\DAL;C:\Program Files\Intel\Intel(R) Management Engine Components\DAL;C:\Program Files (x86)\Intel\Intel(R) Management Engine Components\IPT;C:\Program Files\Intel\Intel(R) Management Engine Components\IPT;C:\Program Files (x86)\NVIDIA Corporation\PhysX\Common;C:\Program Files\Intel\IntelSGXPSW\bin\x64\Release\;C:\Program Files\Intel\IntelSGXPSW\bin\win32\Release\;C:\Users\hp\Desktop\matlab\runtime\win64;C:\Users\hp\Desktop\matlab\bin;C:\WINDOWS\system32;C:\WINDOWS;C:\WINDOWS\System32\Wbem;C:\WINDOWS\System32\WindowsPowerShell\v1.0\;C:\WINDOWS\System32\OpenSSH\;C:\matlab2018\runtime\win64;C:\matlab2018\bin;C:\Program Files\Geth;C:\Program Files\PuTTY\;C:\Program Files (x86)\PuTTY\;C:\Program Files\Git\cmd;C:\Go\bin;C:\ProgramData\chocolatey\bin;C:\Program Files\nodejs\;C:\Program Files\dotnet\;C:\Program Files\Microsoft SQL Server\130\Tools\Binn\;C:\Program Files\Microsoft SQL Server\Client SDK\ODBC\170\Tools\Binn\;C:\Program Files\IBM\Cloud\bin;C:\Program Files (x86)\Yarn\bin\;C:\Users\hp\Downloads\apache-maven-3.6.2-bin\apache-maven-3.6.2\bin;C:\Program Files (x86)\sbt\bin;C:\Program Files (x86)\Jenkins;C:\Users\hp\AppData\Local\Programs\Python\Python38-32\Scripts\;C:\Users\hp\AppData\Local\Programs\Python\Python38-32\;C:\Users\hp\AppData\Local\Microsoft\WindowsApps;C:\Program Files\Java\jdk-10\bin;C:\Users\hp\AppData\Local\Programs\Microsoft VS Code\bin;C:\Users\hp\go\bin;C:\Program Files\MongoDB\Server\4.0\bin;C:\kube;C:\Users\hp\Downloads\windows-amd64;C:\Users\hp\AppData\Local\Google\Cloud SDK\google-cloud-sdk\bin;C:\Program Files\Docker\Docker;C:\Program Files\Git;C:\Python27\Scripts;C:\Python27;C:\Users\hp\.azure-kubectl;C:\Users\hp\AppData\Roaming\npm;C:\Program Files\Git\usr\bin;C:\Users\hp;C:\Users\hp\.dotnet\tools;C:\Program Files\IBM\Cloud\bin;C:\Users\hp\AppData\Local\Yarn\bin;C:\Users\hp\node_modules\create-react-app;C:\Users\hp\Downloads\apache-maven-3.6.2-bin\apache-maven-3.6.2;C:\Users\hp\Downloads\BI\spark-3.0.0-preview-bin-hadoop2.7\spark-3.0.0-preview-bin-hadoop2.7\bin;C:\Program Files (x86)\Jenkins;C:\Program Files (x86)\scala\bin;C:\Users\hp\Downloads\BI\Zeppelin_0.7-R2\bin;;.]
10-Feb-2020 16:57:55.829 INFOS [main] org.apache.coyote.AbstractProtocol.init Initializing ProtocolHandler ["http-nio-8082"]
10-Feb-2020 16:57:58.463 INFOS [main] org.apache.tomcat.util.net.NioSelectorPool.getSharedSelector Using a shared selector for servlet write/read
10-Feb-2020 16:57:58.716 INFOS [main] org.apache.coyote.AbstractProtocol.init Initializing ProtocolHandler ["ajp-nio-8008"]
10-Feb-2020 16:57:58.719 INFOS [main] org.apache.tomcat.util.net.NioSelectorPool.getSharedSelector Using a shared selector for servlet write/read
10-Feb-2020 16:57:58.720 INFOS [main] org.apache.catalina.startup.Catalina.load Initialization processed in 16314 ms
10-Feb-2020 16:57:59.339 INFOS [main] org.apache.catalina.core.StandardService.startInternal Démarrage du service [Catalina]
10-Feb-2020 16:57:59.340 INFOS [main] org.apache.catalina.core.StandardEngine.startInternal Starting Servlet Engine: Apache Tomcat/8.5.30
10-Feb-2020 16:57:59.533 INFOS [localhost-startStop-1] org.apache.catalina.startup.HostConfig.deployWAR Déploiement de l'archive [C:\Parapheur\tomcat\webapps\parapheur.war] de l'application web
10-Feb-2020 16:58:22.146 INFOS [localhost-startStop-1] org.apache.jasper.servlet.TldScanner.scanJars At least one JAR was scanned for TLDs yet contained no TLDs. Enable debug logging for this logger for a complete list of JARs that were scanned but no TLDs were found in them. Skipping unneeded JARs during scanning can improve startup time and JSP compilation time.
10-Feb-2020 16:58:45.065 INFOS [localhost-startStop-1] org.apache.catalina.startup.HostConfig.deployWAR Deployment of web application archive [C:\Parapheur\tomcat\webapps\parapheur.war] has finished in [45 531] ms
10-Feb-2020 16:58:45.068 INFOS [localhost-startStop-1] org.apache.catalina.startup.HostConfig.deployDirectory Déploiement du répertoire [C:\Parapheur\tomcat\webapps\docs] de l'application web
10-Feb-2020 16:58:45.114 INFOS [localhost-startStop-1] org.apache.catalina.startup.HostConfig.deployDirectory Deployment of web application directory [C:\Parapheur\tomcat\webapps\docs] has finished in [46] ms
10-Feb-2020 16:58:45.115 INFOS [localhost-startStop-1] org.apache.catalina.startup.HostConfig.deployDirectory Déploiement du répertoire [C:\Parapheur\tomcat\webapps\examples] de l'application web
10-Feb-2020 16:58:45.687 INFOS [localhost-startStop-1] org.apache.catalina.startup.HostConfig.deployDirectory Deployment of web application directory [C:\Parapheur\tomcat\webapps\examples] has finished in [572] ms
10-Feb-2020 16:58:45.688 INFOS [localhost-startStop-1] org.apache.catalina.startup.HostConfig.deployDirectory Déploiement du répertoire [C:\Parapheur\tomcat\webapps\host-manager] de l'application web
10-Feb-2020 16:58:45.756 INFOS [localhost-startStop-1] org.apache.catalina.startup.HostConfig.deployDirectory Deployment of web application directory [C:\Parapheur\tomcat\webapps\host-manager] has finished in [68] ms
10-Feb-2020 16:58:45.756 INFOS [localhost-startStop-1] org.apache.catalina.startup.HostConfig.deployDirectory Déploiement du répertoire [C:\Parapheur\tomcat\webapps\manager] de l'application web
10-Feb-2020 16:58:45.802 INFOS [localhost-startStop-1] org.apache.catalina.startup.HostConfig.deployDirectory Deployment of web application directory [C:\Parapheur\tomcat\webapps\manager] has finished in [46] ms
10-Feb-2020 16:58:45.803 INFOS [localhost-startStop-1] org.apache.catalina.startup.HostConfig.deployDirectory Déploiement du répertoire [C:\Parapheur\tomcat\webapps\ROOT] de l'application web
10-Feb-2020 16:58:45.834 INFOS [localhost-startStop-1] org.apache.catalina.startup.HostConfig.deployDirectory Deployment of web application directory [C:\Parapheur\tomcat\webapps\ROOT] has finished in [31] ms
10-Feb-2020 16:58:45.843 INFOS [main] org.apache.coyote.AbstractProtocol.start Starting ProtocolHandler ["http-nio-8082"]
10-Feb-2020 16:58:45.871 INFOS [main] org.apache.coyote.AbstractProtocol.start Starting ProtocolHandler ["ajp-nio-8008"]
10-Feb-2020 16:58:45.880 INFOS [main] org.apache.catalina.startup.Catalina.start Server startup in 47159 ms
10-Feb-2020 17:00:59.555 INFOS [http-nio-8082-exec-3] com.vneuron.parapheur.security.JwtTokenUtil.doGenerateToken veneuron2020
10-Feb-2020 17:47:18.727 INFOS [ContainerBackgroundProcessor[StandardEngine[Catalina]]] org.apache.catalina.startup.HostConfig.undeploy Repli (undeploy) de l'application web ayant pour chemin de contexte [/parapheur]
10-Feb-2020 17:47:18.888 AVERTISSEMENT [ContainerBackgroundProcessor[StandardEngine[Catalina]]] org.apache.catalina.loader.WebappClassLoaderBase.clearReferencesJdbc The web application [parapheur] registered the JDBC driver [org.postgresql.Driver] but failed to unregister it when the web application was stopped. To prevent a memory leak, the JDBC Driver has been forcibly unregistered.
10-Feb-2020 17:47:29.427 INFOS [localhost-startStop-2] org.apache.catalina.startup.HostConfig.deployWAR Déploiement de l'archive [C:\Parapheur\tomcat\webapps\parapheur-0.0.1.war] de l'application web
10-Feb-2020 17:47:50.347 INFOS [localhost-startStop-2] org.apache.catalina.startup.HostConfig.deployWAR Deployment of web application archive [C:\Parapheur\tomcat\webapps\parapheur-0.0.1.war] has finished in [20 920] ms
10-Feb-2020 17:49:35.230 INFOS [Thread-7] org.apache.coyote.AbstractProtocol.pause Pausing ProtocolHandler ["http-nio-8082"]
10-Feb-2020 17:49:35.724 INFOS [Thread-7] org.apache.coyote.AbstractProtocol.pause Pausing ProtocolHandler ["ajp-nio-8008"]
10-Feb-2020 17:49:36.149 INFOS [Thread-7] org.apache.catalina.core.StandardService.stopInternal Arrêt du service [Catalina]
10-Feb-2020 17:49:36.182 AVERTISSEMENT [localhost-startStop-3] org.apache.catalina.loader.WebappClassLoaderBase.clearReferencesJdbc The web application [parapheur-0.0.1] registered the JDBC driver [org.postgresql.Driver] but failed to unregister it when the web application was stopped. To prevent a memory leak, the JDBC Driver has been forcibly unregistered.
10-Feb-2020 17:49:36.211 INFOS [Thread-7] org.apache.coyote.AbstractProtocol.stop Stopping ProtocolHandler ["http-nio-8082"]
10-Feb-2020 17:49:36.216 INFOS [Thread-7] org.apache.coyote.AbstractProtocol.stop Stopping ProtocolHandler ["ajp-nio-8008"]
10-Feb-2020 17:49:36.220 INFOS [Thread-7] org.apache.coyote.AbstractProtocol.destroy Destroying ProtocolHandler ["http-nio-8082"]
10-Feb-2020 17:49:36.221 INFOS [Thread-7] org.apache.coyote.AbstractProtocol.destroy Destroying ProtocolHandler ["ajp-nio-8008"]
10-Feb-2020 17:50:25.288 INFOS [main] org.apache.catalina.startup.VersionLoggerListener.log Server version:        Apache Tomcat/8.5.30
10-Feb-2020 17:50:25.291 INFOS [main] org.apache.catalina.startup.VersionLoggerListener.log Server built:          Apr 3 2018 20:04:09 UTC
10-Feb-2020 17:50:25.291 INFOS [main] org.apache.catalina.startup.VersionLoggerListener.log Server number:         8.5.30.0
10-Feb-2020 17:50:25.291 INFOS [main] org.apache.catalina.startup.VersionLoggerListener.log OS Name:               Windows 10
10-Feb-2020 17:50:25.291 INFOS [main] org.apache.catalina.startup.VersionLoggerListener.log OS Version:            10.0
10-Feb-2020 17:50:25.292 INFOS [main] org.apache.catalina.startup.VersionLoggerListener.log Architecture:          amd64
10-Feb-2020 17:50:25.297 INFOS [main] org.apache.catalina.startup.VersionLoggerListener.log Java Home:             c:\Parapheur\Java\jre1.8.0_191
10-Feb-2020 17:50:25.297 INFOS [main] org.apache.catalina.startup.VersionLoggerListener.log JVM Version:           1.8.0_191-b12
10-Feb-2020 17:50:25.297 INFOS [main] org.apache.catalina.startup.VersionLoggerListener.log JVM Vendor:            Oracle Corporation
10-Feb-2020 17:50:25.297 INFOS [main] org.apache.catalina.startup.VersionLoggerListener.log CATALINA_BASE:         C:\Parapheur\tomcat
10-Feb-2020 17:50:25.298 INFOS [main] org.apache.catalina.startup.VersionLoggerListener.log CATALINA_HOME:         C:\Parapheur\tomcat
10-Feb-2020 17:50:25.298 INFOS [main] org.apache.catalina.startup.VersionLoggerListener.log Command line argument: -Djava.util.logging.config.file=C:\Parapheur\tomcat\conf\logging.properties
10-Feb-2020 17:50:25.298 INFOS [main] org.apache.catalina.startup.VersionLoggerListener.log Command line argument: -Djava.util.logging.manager=org.apache.juli.ClassLoaderLogManager
10-Feb-2020 17:50:25.298 INFOS [main] org.apache.catalina.startup.VersionLoggerListener.log Command line argument: -Djdk.tls.ephemeralDHKeySize=2048
10-Feb-2020 17:50:25.299 INFOS [main] org.apache.catalina.startup.VersionLoggerListener.log Command line argument: -Djava.protocol.handler.pkgs=org.apache.catalina.webresources
10-Feb-2020 17:50:25.299 INFOS [main] org.apache.catalina.startup.VersionLoggerListener.log Command line argument: -Dignore.endorsed.dirs=
10-Feb-2020 17:50:25.299 INFOS [main] org.apache.catalina.startup.VersionLoggerListener.log Command line argument: -Dcatalina.base=C:\Parapheur\tomcat
10-Feb-2020 17:50:25.305 INFOS [main] org.apache.catalina.startup.VersionLoggerListener.log Command line argument: -Dcatalina.home=C:\Parapheur\tomcat
10-Feb-2020 17:50:25.306 INFOS [main] org.apache.catalina.startup.VersionLoggerListener.log Command line argument: -Djava.io.tmpdir=C:\Parapheur\tomcat\temp
10-Feb-2020 17:50:25.307 INFOS [main] org.apache.catalina.core.AprLifecycleListener.lifecycleEvent The APR based Apache Tomcat Native library which allows optimal performance in production environments was not found on the java.library.path: [c:\Parapheur\Java\jre1.8.0_191\bin;C:\WINDOWS\Sun\Java\bin;C:\WINDOWS\system32;C:\WINDOWS;C:\app\hp\product\18.0.0\dbhomeXE\bin;C:\Program Files (x86)\Microsoft SDKs\Azure\CLI2\wbin;C:\ProgramData\DockerDesktop\version-bin;C:\Program Files\Docker\Docker\Resources\bin;C:\ProgramData\Oracle\Java\javapath;C:\Program Files (x86)\Intel\iCLS Client\;C:\Program Files\Intel\iCLS Client\;C:\Windows\system32;C:\Windows;C:\Windows\System32\Wbem;C:\Windows\System32\WindowsPowerShell\v1.0\;C:\Program Files (x86)\Intel\Intel(R) Management Engine Components\DAL;C:\Program Files\Intel\Intel(R) Management Engine Components\DAL;C:\Program Files (x86)\Intel\Intel(R) Management Engine Components\IPT;C:\Program Files\Intel\Intel(R) Management Engine Components\IPT;C:\Program Files (x86)\NVIDIA Corporation\PhysX\Common;C:\Program Files\Intel\IntelSGXPSW\bin\x64\Release\;C:\Program Files\Intel\IntelSGXPSW\bin\win32\Release\;C:\Users\hp\Desktop\matlab\runtime\win64;C:\Users\hp\Desktop\matlab\bin;C:\WINDOWS\system32;C:\WINDOWS;C:\WINDOWS\System32\Wbem;C:\WINDOWS\System32\WindowsPowerShell\v1.0\;C:\WINDOWS\System32\OpenSSH\;C:\matlab2018\runtime\win64;C:\matlab2018\bin;C:\Program Files\Geth;C:\Program Files\PuTTY\;C:\Program Files (x86)\PuTTY\;C:\Program Files\Git\cmd;C:\Go\bin;C:\ProgramData\chocolatey\bin;C:\Program Files\nodejs\;C:\Program Files\dotnet\;C:\Program Files\Microsoft SQL Server\130\Tools\Binn\;C:\Program Files\Microsoft SQL Server\Client SDK\ODBC\170\Tools\Binn\;C:\Program Files\IBM\Cloud\bin;C:\Program Files (x86)\Yarn\bin\;C:\Users\hp\Downloads\apache-maven-3.6.2-bin\apache-maven-3.6.2\bin;C:\Program Files (x86)\sbt\bin;C:\Program Files (x86)\Jenkins;C:\Users\hp\AppData\Local\Programs\Python\Python38-32\Scripts\;C:\Users\hp\AppData\Local\Programs\Python\Python38-32\;C:\Users\hp\AppData\Local\Microsoft\WindowsApps;C:\Program Files\Java\jdk-10\bin;C:\Users\hp\AppData\Local\Programs\Microsoft VS Code\bin;C:\Users\hp\go\bin;C:\Program Files\MongoDB\Server\4.0\bin;C:\kube;C:\Users\hp\Downloads\windows-amd64;C:\Users\hp\AppData\Local\Google\Cloud SDK\google-cloud-sdk\bin;C:\Program Files\Docker\Docker;C:\Program Files\Git;C:\Python27\Scripts;C:\Python27;C:\Users\hp\.azure-kubectl;C:\Users\hp\AppData\Roaming\npm;C:\Program Files\Git\usr\bin;C:\Users\hp;C:\Users\hp\.dotnet\tools;C:\Program Files\IBM\Cloud\bin;C:\Users\hp\AppData\Local\Yarn\bin;C:\Users\hp\node_modules\create-react-app;C:\Users\hp\Downloads\apache-maven-3.6.2-bin\apache-maven-3.6.2;C:\Users\hp\Downloads\BI\spark-3.0.0-preview-bin-hadoop2.7\spark-3.0.0-preview-bin-hadoop2.7\bin;C:\Program Files (x86)\Jenkins;C:\Program Files (x86)\scala\bin;C:\Users\hp\Downloads\BI\Zeppelin_0.7-R2\bin;;.]
10-Feb-2020 17:50:25.493 INFOS [main] org.apache.coyote.AbstractProtocol.init Initializing ProtocolHandler ["http-nio-8082"]
10-Feb-2020 17:50:25.960 INFOS [main] org.apache.tomcat.util.net.NioSelectorPool.getSharedSelector Using a shared selector for servlet write/read
10-Feb-2020 17:50:25.967 INFOS [main] org.apache.coyote.AbstractProtocol.init Initializing ProtocolHandler ["ajp-nio-8008"]
10-Feb-2020 17:50:25.970 INFOS [main] org.apache.tomcat.util.net.NioSelectorPool.getSharedSelector Using a shared selector for servlet write/read
10-Feb-2020 17:50:25.971 INFOS [main] org.apache.catalina.startup.Catalina.load Initialization processed in 1153 ms
10-Feb-2020 17:50:26.053 INFOS [main] org.apache.catalina.core.StandardService.startInternal Démarrage du service [Catalina]
10-Feb-2020 17:50:26.053 INFOS [main] org.apache.catalina.core.StandardEngine.startInternal Starting Servlet Engine: Apache Tomcat/8.5.30
10-Feb-2020 17:50:26.077 INFOS [localhost-startStop-1] org.apache.catalina.startup.HostConfig.deployWAR Déploiement de l'archive [C:\Parapheur\tomcat\webapps\parapheur-0.0.1.war] de l'application web
10-Feb-2020 17:50:34.032 INFOS [localhost-startStop-1] org.apache.jasper.servlet.TldScanner.scanJars At least one JAR was scanned for TLDs yet contained no TLDs. Enable debug logging for this logger for a complete list of JARs that were scanned but no TLDs were found in them. Skipping unneeded JARs during scanning can improve startup time and JSP compilation time.
10-Feb-2020 17:50:51.169 INFOS [localhost-startStop-1] org.apache.catalina.startup.HostConfig.deployWAR Deployment of web application archive [C:\Parapheur\tomcat\webapps\parapheur-0.0.1.war] has finished in [25 091] ms
10-Feb-2020 17:50:51.173 INFOS [localhost-startStop-1] org.apache.catalina.startup.HostConfig.deployDirectory Déploiement du répertoire [C:\Parapheur\tomcat\webapps\docs] de l'application web
10-Feb-2020 17:50:51.241 INFOS [localhost-startStop-1] org.apache.catalina.startup.HostConfig.deployDirectory Deployment of web application directory [C:\Parapheur\tomcat\webapps\docs] has finished in [68] ms
10-Feb-2020 17:50:51.245 INFOS [localhost-startStop-1] org.apache.catalina.startup.HostConfig.deployDirectory Déploiement du répertoire [C:\Parapheur\tomcat\webapps\examples] de l'application web
10-Feb-2020 17:50:53.885 INFOS [localhost-startStop-1] org.apache.catalina.startup.HostConfig.deployDirectory Deployment of web application directory [C:\Parapheur\tomcat\webapps\examples] has finished in [2 640] ms
10-Feb-2020 17:50:53.886 INFOS [localhost-startStop-1] org.apache.catalina.startup.HostConfig.deployDirectory Déploiement du répertoire [C:\Parapheur\tomcat\webapps\host-manager] de l'application web
10-Feb-2020 17:50:54.025 INFOS [localhost-startStop-1] org.apache.catalina.startup.HostConfig.deployDirectory Deployment of web application directory [C:\Parapheur\tomcat\webapps\host-manager] has finished in [139] ms
10-Feb-2020 17:50:54.027 INFOS [localhost-startStop-1] org.apache.catalina.startup.HostConfig.deployDirectory Déploiement du répertoire [C:\Parapheur\tomcat\webapps\manager] de l'application web
10-Feb-2020 17:50:54.138 INFOS [localhost-startStop-1] org.apache.catalina.startup.HostConfig.deployDirectory Deployment of web application directory [C:\Parapheur\tomcat\webapps\manager] has finished in [111] ms
10-Feb-2020 17:50:54.141 INFOS [localhost-startStop-1] org.apache.catalina.startup.HostConfig.deployDirectory Déploiement du répertoire [C:\Parapheur\tomcat\webapps\ROOT] de l'application web
10-Feb-2020 17:50:54.221 INFOS [localhost-startStop-1] org.apache.catalina.startup.HostConfig.deployDirectory Deployment of web application directory [C:\Parapheur\tomcat\webapps\ROOT] has finished in [80] ms
10-Feb-2020 17:50:54.242 INFOS [main] org.apache.coyote.AbstractProtocol.start Starting ProtocolHandler ["http-nio-8082"]
10-Feb-2020 17:50:54.251 INFOS [main] org.apache.coyote.AbstractProtocol.start Starting ProtocolHandler ["ajp-nio-8008"]
10-Feb-2020 17:50:54.254 INFOS [main] org.apache.catalina.startup.Catalina.start Server startup in 28282 ms
10-Feb-2020 17:54:41.161 INFOS [Thread-7] org.apache.coyote.AbstractProtocol.pause Pausing ProtocolHandler ["http-nio-8082"]
10-Feb-2020 17:54:41.601 INFOS [Thread-7] org.apache.coyote.AbstractProtocol.pause Pausing ProtocolHandler ["ajp-nio-8008"]
10-Feb-2020 17:54:42.017 INFOS [Thread-7] org.apache.catalina.core.StandardService.stopInternal Arrêt du service [Catalina]
10-Feb-2020 17:54:42.056 AVERTISSEMENT [localhost-startStop-2] org.apache.catalina.loader.WebappClassLoaderBase.clearReferencesJdbc The web application [parapheur-0.0.1] registered the JDBC driver [org.postgresql.Driver] but failed to unregister it when the web application was stopped. To prevent a memory leak, the JDBC Driver has been forcibly unregistered.
10-Feb-2020 17:54:42.083 INFOS [Thread-7] org.apache.coyote.AbstractProtocol.stop Stopping ProtocolHandler ["http-nio-8082"]
10-Feb-2020 17:54:42.089 INFOS [Thread-7] org.apache.coyote.AbstractProtocol.stop Stopping ProtocolHandler ["ajp-nio-8008"]
10-Feb-2020 17:54:42.092 INFOS [Thread-7] org.apache.coyote.AbstractProtocol.destroy Destroying ProtocolHandler ["http-nio-8082"]
10-Feb-2020 17:54:42.094 INFOS [Thread-7] org.apache.coyote.AbstractProtocol.destroy Destroying ProtocolHandler ["ajp-nio-8008"]
